[IR signature] skipped extension model: openvino_detokenizer.xml
[IR] file=openvino_language_model.xml
  inputs= ['attention_mask', 'inputs_embeds', 'position_ids', 'beam_idx']
  outputs= ['logits']
  has_cache_or_state= True
  ReadValue= 48
  Assign= 48
  Parameter= 4
  Result= 1
[IR] file=openvino_text_embeddings_model.xml
  inputs= ['input']
  outputs= ['inputs_embeds']
  has_cache_or_state= False
  ReadValue= 0
  Assign= 0
  Parameter= 1
  Result= 1
[IR signature] skipped extension model: openvino_tokenizer.xml
[IR] file=openvino_vision_embeddings_merger_model.xml
  inputs= ['hidden_states', 'attention_mask', 'rotary_pos_emb']
  outputs= ['last_hidden_state']
  has_cache_or_state= False
  ReadValue= 0
  Assign= 0
  Parameter= 3
  Result= 1
[IR] file=openvino_vision_embeddings_model.xml
  inputs= ['hidden_states']
  outputs= ['last_hidden_state']
  has_cache_or_state= False
  ReadValue= 0
  Assign= 0
  Parameter= 1
  Result= 1
[IR] file=openvino_vision_embeddings_pos_model.xml
  inputs= ['input']
  outputs= ['last_hidden_state']
  has_cache_or_state= False
  ReadValue= 0
  Assign= 0
  Parameter= 1
  Result= 1
